<?xml version="1.0" encoding="UTF-8"?>
<!-- Generated by org.testng.reporters.JUnitXMLReporter -->
<testsuite ignored="0" hostname="Stithpragys-MacBook-Air.local" failures="0" tests="8" name="Parallel Tests" time="14.812" errors="0" timestamp="2026-09-20T17:01:13 NZST">
  <testcase classname="ParrellTestCases.RegisterBlank" name="RegisterBlank1" time="0.605"/>
  <testcase classname="ParrellTestCases.LoginNegative" name="Login" time="0.558"/>
  <testcase classname="ParrellTestCases.CorrectUserName" name="Login1" time="0.575"/>
  <testcase classname="ParrellTestCases.IncorrectUserName" name="Login1" time="0.599"/>
  <testcase classname="ParrellTestCases.RegisterPositive" name="Register" time="0.614"/>
  <testcase classname="ParrellTestCases.RegisterNegative" name="RegisterNegative1" time="0.498"/>
  <testcase classname="ParrellTestCases.Login" name="Login1" time="0.521"/>
  <testcase classname="ParrellTestCases.LoginBlank" name="Login" time="0.492"/>
</testsuite> <!-- Parallel Tests -->
