<?xml version="1.0" encoding="UTF-8"?>
<testng-results ignored="0" total="8" passed="8" failed="0" skipped="0">
  <reporter-output>
  </reporter-output>
  <suite started-at="2026-09-20T17:00:58 NZST" name="Parallel Test Suite" finished-at="2026-09-20T17:01:13 NZST" duration-ms="14812">
    <groups>
    </groups>
    <test started-at="2026-09-20T17:00:58 NZST" name="Parallel Tests" finished-at="2026-09-20T17:01:13 NZST" duration-ms="14812">
      <class name="ParrellTestCases.LoginBlank">
        <test-method is-config="true" signature="openBrowser()[pri:0, instance:ParrellTestCases.LoginBlank@40a4337a]" started-at="2026-09-20T17:00:58 NZST" name="openBrowser" finished-at="2026-09-20T17:01:13 NZST" duration-ms="14141" status="PASS">
          <reporter-output>
          </reporter-output>
        </test-method> <!-- openBrowser -->
        <test-method signature="Login()[pri:0, instance:ParrellTestCases.LoginBlank@40a4337a]" started-at="2026-09-20T17:01:13 NZST" name="Login" finished-at="2026-09-20T17:01:13 NZST" duration-ms="492" status="PASS">
          <reporter-output>
          </reporter-output>
        </test-method> <!-- Login -->
        <test-method is-config="true" signature="Close()[pri:0, instance:ParrellTestCases.LoginBlank@40a4337a]" started-at="2026-09-20T17:01:13 NZST" name="Close" finished-at="2026-09-20T17:01:13 NZST" duration-ms="169" status="PASS">
          <reporter-output>
          </reporter-output>
        </test-method> <!-- Close -->
      </class> <!-- ParrellTestCases.LoginBlank -->
      <class name="ParrellTestCases.CorrectUserName">
        <test-method is-config="true" signature="openBrowser()[pri:0, instance:ParrellTestCases.CorrectUserName@4d5d943d]" started-at="2026-09-20T17:00:58 NZST" name="openBrowser" finished-at="2026-09-20T17:01:05 NZST" duration-ms="6890" status="PASS">
          <reporter-output>
          </reporter-output>
        </test-method> <!-- openBrowser -->
        <test-method signature="Login1()[pri:0, instance:ParrellTestCases.CorrectUserName@4d5d943d]" started-at="2026-09-20T17:01:05 NZST" name="Login1" finished-at="2026-09-20T17:01:06 NZST" duration-ms="575" status="PASS">
          <reporter-output>
          </reporter-output>
        </test-method> <!-- Login1 -->
        <test-method is-config="true" signature="Close()[pri:0, instance:ParrellTestCases.CorrectUserName@4d5d943d]" started-at="2026-09-20T17:01:06 NZST" name="Close" finished-at="2026-09-20T17:01:06 NZST" duration-ms="223" status="PASS">
          <reporter-output>
          </reporter-output>
        </test-method> <!-- Close -->
      </class> <!-- ParrellTestCases.CorrectUserName -->
      <class name="ParrellTestCases.IncorrectUserName">
        <test-method is-config="true" signature="openBrowser()[pri:0, instance:ParrellTestCases.IncorrectUserName@702657cc]" started-at="2026-09-20T17:00:58 NZST" name="openBrowser" finished-at="2026-09-20T17:01:05 NZST" duration-ms="7072" status="PASS">
          <reporter-output>
          </reporter-output>
        </test-method> <!-- openBrowser -->
        <test-method signature="Login1()[pri:0, instance:ParrellTestCases.IncorrectUserName@702657cc]" started-at="2026-09-20T17:01:05 NZST" name="Login1" finished-at="2026-09-20T17:01:06 NZST" duration-ms="599" status="PASS">
          <reporter-output>
          </reporter-output>
        </test-method> <!-- Login1 -->
        <test-method is-config="true" signature="Close()[pri:0, instance:ParrellTestCases.IncorrectUserName@702657cc]" started-at="2026-09-20T17:01:06 NZST" name="Close" finished-at="2026-09-20T17:01:06 NZST" duration-ms="65" status="PASS">
          <reporter-output>
          </reporter-output>
        </test-method> <!-- Close -->
      </class> <!-- ParrellTestCases.IncorrectUserName -->
      <class name="ParrellTestCases.RegisterBlank">
        <test-method is-config="true" signature="openBrowser()[pri:0, instance:ParrellTestCases.RegisterBlank@22ff4249]" started-at="2026-09-20T17:00:58 NZST" name="openBrowser" finished-at="2026-09-20T17:01:05 NZST" duration-ms="6340" status="PASS">
          <reporter-output>
          </reporter-output>
        </test-method> <!-- openBrowser -->
        <test-method signature="RegisterBlank1()[pri:0, instance:ParrellTestCases.RegisterBlank@22ff4249]" started-at="2026-09-20T17:01:05 NZST" name="RegisterBlank1" finished-at="2026-09-20T17:01:05 NZST" duration-ms="605" status="PASS">
          <reporter-output>
          </reporter-output>
        </test-method> <!-- RegisterBlank1 -->
        <test-method is-config="true" signature="Close()[pri:0, instance:ParrellTestCases.RegisterBlank@22ff4249]" started-at="2026-09-20T17:01:05 NZST" name="Close" finished-at="2026-09-20T17:01:05 NZST" duration-ms="152" status="PASS">
          <reporter-output>
          </reporter-output>
        </test-method> <!-- Close -->
      </class> <!-- ParrellTestCases.RegisterBlank -->
      <class name="ParrellTestCases.Login">
        <test-method is-config="true" signature="openBrowser()[pri:0, instance:ParrellTestCases.Login@6a6cb05c]" started-at="2026-09-20T17:00:58 NZST" name="openBrowser" finished-at="2026-09-20T17:01:09 NZST" duration-ms="10284" status="PASS">
          <reporter-output>
          </reporter-output>
        </test-method> <!-- openBrowser -->
        <test-method signature="Login1()[pri:0, instance:ParrellTestCases.Login@6a6cb05c]" started-at="2026-09-20T17:01:09 NZST" name="Login1" finished-at="2026-09-20T17:01:09 NZST" duration-ms="521" status="PASS">
          <reporter-output>
          </reporter-output>
        </test-method> <!-- Login1 -->
        <test-method is-config="true" signature="Close()[pri:0, instance:ParrellTestCases.Login@6a6cb05c]" started-at="2026-09-20T17:01:09 NZST" name="Close" finished-at="2026-09-20T17:01:09 NZST" duration-ms="111" status="PASS">
          <reporter-output>
          </reporter-output>
        </test-method> <!-- Close -->
      </class> <!-- ParrellTestCases.Login -->
      <class name="ParrellTestCases.RegisterNegative">
        <test-method is-config="true" signature="openBrowser()[pri:0, instance:ParrellTestCases.RegisterNegative@2d1ef81a]" started-at="2026-09-20T17:00:58 NZST" name="openBrowser" finished-at="2026-09-20T17:01:07 NZST" duration-ms="8201" status="PASS">
          <reporter-output>
          </reporter-output>
        </test-method> <!-- openBrowser -->
        <test-method signature="RegisterNegative1()[pri:0, instance:ParrellTestCases.RegisterNegative@2d1ef81a]" started-at="2026-09-20T17:01:07 NZST" name="RegisterNegative1" finished-at="2026-09-20T17:01:07 NZST" duration-ms="498" status="PASS">
          <reporter-output>
          </reporter-output>
        </test-method> <!-- RegisterNegative1 -->
        <test-method is-config="true" signature="Close()[pri:0, instance:ParrellTestCases.RegisterNegative@2d1ef81a]" started-at="2026-09-20T17:01:07 NZST" name="Close" finished-at="2026-09-20T17:01:07 NZST" duration-ms="127" status="PASS">
          <reporter-output>
          </reporter-output>
        </test-method> <!-- Close -->
      </class> <!-- ParrellTestCases.RegisterNegative -->
      <class name="ParrellTestCases.RegisterPositive">
        <test-method is-config="true" signature="openBrowser()[pri:0, instance:ParrellTestCases.RegisterPositive@4c402120]" started-at="2026-09-20T17:00:58 NZST" name="openBrowser" finished-at="2026-09-20T17:01:06 NZST" duration-ms="7825" status="PASS">
          <reporter-output>
          </reporter-output>
        </test-method> <!-- openBrowser -->
        <test-method signature="Register()[pri:0, instance:ParrellTestCases.RegisterPositive@4c402120]" started-at="2026-09-20T17:01:06 NZST" name="Register" finished-at="2026-09-20T17:01:07 NZST" duration-ms="614" status="PASS">
          <reporter-output>
          </reporter-output>
        </test-method> <!-- Register -->
        <test-method is-config="true" signature="Close()[pri:0, instance:ParrellTestCases.RegisterPositive@4c402120]" started-at="2026-09-20T17:01:07 NZST" name="Close" finished-at="2026-09-20T17:01:07 NZST" duration-ms="76" status="PASS">
          <reporter-output>
          </reporter-output>
        </test-method> <!-- Close -->
      </class> <!-- ParrellTestCases.RegisterPositive -->
      <class name="ParrellTestCases.LoginNegative">
        <test-method is-config="true" signature="openBrowser()[pri:0, instance:ParrellTestCases.LoginNegative@6025e1b6]" started-at="2026-09-20T17:00:58 NZST" name="openBrowser" finished-at="2026-09-20T17:01:05 NZST" duration-ms="6699" status="PASS">
          <reporter-output>
          </reporter-output>
        </test-method> <!-- openBrowser -->
        <test-method signature="Login()[pri:0, instance:ParrellTestCases.LoginNegative@6025e1b6]" started-at="2026-09-20T17:01:05 NZST" name="Login" finished-at="2026-09-20T17:01:06 NZST" duration-ms="558" status="PASS">
          <reporter-output>
          </reporter-output>
        </test-method> <!-- Login -->
        <test-method is-config="true" signature="Close()[pri:0, instance:ParrellTestCases.LoginNegative@6025e1b6]" started-at="2026-09-20T17:01:06 NZST" name="Close" finished-at="2026-09-20T17:01:06 NZST" duration-ms="184" status="PASS">
          <reporter-output>
          </reporter-output>
        </test-method> <!-- Close -->
      </class> <!-- ParrellTestCases.LoginNegative -->
    </test> <!-- Parallel Tests -->
  </suite> <!-- Parallel Test Suite -->
</testng-results>
